<?xml version="1.0" encoding="UTF-8"?>
<testsuite name="com.example.AppTest" tests="1" skipped="0" failures="0" errors="0" timestamp="2025-06-11T19:27:28.864Z" hostname="Adrians-Laptop.local" time="0.009">
  <properties/>
  <testcase name="testApp" classname="com.example.AppTest" time="0.009"/>
  <system-out><![CDATA[]]></system-out>
  <system-err><![CDATA[]]></system-err>
</testsuite>
